
-----
Test: tests/test_buy_product.py::test_buy_smartphone (call)
Start time: 2024-10-15 14:44:08.570782
Start name method: Select category product

End time: 2024-10-15 14:44:52.982358
End name method: Select category product
URL: https://comfy-shop.ru/category/smartfony

-----

-----
Test: tests/test_buy_product.py::test_buy_smartphone (call)
Start time: 2024-10-15 14:44:52.982358
Start name method: Select product

End time: 2024-10-15 14:45:07.861112
End name method: Select product
URL: https://comfy-shop.ru/cart/checkout

-----

-----
Test: tests/test_buy_product.py::test_buy_smartphone (call)
Start time: 2024-10-15 14:45:07.862143
Start name method: PAYMENT product

