
-----
Test: tests/test_buy_product.py::test_buy_smartphone (call)
Start time: 2024-10-15 16:48:00.382226
Start name method: Select category product

End time: 2024-10-15 16:48:46.032707
End name method: Select category product
URL: https://comfy-shop.ru/category/smartfony

-----

-----
Test: tests/test_buy_product.py::test_buy_smartphone (call)
Start time: 2024-10-15 16:48:46.032707
Start name method: Select product

End time: 2024-10-15 16:49:05.353902
End name method: Select product
URL: https://comfy-shop.ru/cart/checkout

-----

-----
Test: tests/test_buy_product.py::test_buy_smartphone (call)
Start time: 2024-10-15 16:49:05.353902
Start name method: PAYMENT product

End time: 2024-10-15 16:49:09.275065
End name method: Select product
URL: https://comfy-shop.ru/cart/checkout

-----
