
-----
Test: tests/test_buy_product.py::test_buy_smartphone (call)
Start time: 2024-10-15 16:07:22.552287
Start name method: Select category product

End time: 2024-10-15 16:08:07.787887
End name method: Select category product
URL: https://comfy-shop.ru/category/smartfony

-----

-----
Test: tests/test_buy_product.py::test_buy_smartphone (call)
Start time: 2024-10-15 16:08:07.787887
Start name method: Select product

End time: 2024-10-15 16:08:22.621846
End name method: Select product
URL: https://comfy-shop.ru/cart/checkout

-----

-----
Test: tests/test_buy_product.py::test_buy_smartphone (call)
Start time: 2024-10-15 16:08:22.621846
Start name method: PAYMENT product

End time: 2024-10-15 16:08:27.132841
End name method: Select product
URL: https://comfy-shop.ru/cart/checkout

-----
