
-----
Test: tests/test_buy_product.py::test_buy_smartphone (call)
Start time: 2024-10-15 14:32:50.164400
Start name method: Select category product

End time: 2024-10-15 14:33:35.128219
End name method: Select category product
URL: https://comfy-shop.ru/category/smartfony

-----

-----
Test: tests/test_buy_product.py::test_buy_smartphone (call)
Start time: 2024-10-15 14:33:35.130753
Start name method: Select product

End time: 2024-10-15 14:34:30.186153
End name method: Select product
URL: https://comfy-shop.ru/cart/checkout

-----

-----
Test: tests/test_buy_product.py::test_buy_smartphone (call)
Start time: 2024-10-15 14:34:30.186153
Start name method: PAYMENT product

End time: 2024-10-15 14:34:34.116039
End name method: Select product
URL: https://comfy-shop.ru/cart/checkout

-----
